<?xml version="1.0" encoding="UTF-8"?>
<!-- Generated by org.testng.reporters.JUnitReportReporter -->
<testsuite skipped="0" hostname="PC1" name="com.hubspot.tests.ContactPageTest" tests="2" failures="0" timestamp="2020-06-12T19:11:12 IST" time="151.906" errors="0">
  <testcase name="testcreateContacts" time="84.498" classname="com.hubspot.tests.ContactPageTest"/>
  <testcase name="testcreateContacts" time="67.408" classname="com.hubspot.tests.ContactPageTest"/>
</testsuite> <!-- com.hubspot.tests.ContactPageTest -->
