<?xml version="1.0" encoding="UTF-8"?>
<!-- Generated by org.testng.reporters.JUnitReportReporter -->
<testsuite skipped="0" hostname="PC1" name="com.hubspot.tests.HomePageTest" tests="1" failures="0" timestamp="2020-06-12T19:11:12 IST" time="35.095" errors="0">
  <testcase name="goToContactTest" time="35.095" classname="com.hubspot.tests.HomePageTest"/>
</testsuite> <!-- com.hubspot.tests.HomePageTest -->
