<?xml version="1.0" encoding="UTF-8"?>
<!-- Generated by org.testng.reporters.JUnitReportReporter -->
<testsuite skipped="0" hostname="PC1" name="com.hubspot.tests.LoginPageTest" tests="4" failures="0" timestamp="2020-06-12T19:11:12 IST" time="113.441" errors="0">
  <testcase name="TestSignupLink" time="36.160" classname="com.hubspot.tests.LoginPageTest"/>
  <testcase name="TestPageTitle" time="18.003" classname="com.hubspot.tests.LoginPageTest"/>
  <testcase name="TestInnerText" time="22.134" classname="com.hubspot.tests.LoginPageTest"/>
  <testcase name="loginTest" time="37.144" classname="com.hubspot.tests.LoginPageTest"/>
</testsuite> <!-- com.hubspot.tests.LoginPageTest -->
