<?xml version="1.0" encoding="UTF-8"?>
<!-- Generated by org.testng.reporters.JUnitReportReporter -->
<testsuite skipped="0" hostname="PC1" name="com.hubspot.tests.HomePageTest" tests="1" failures="0" timestamp="2020-06-11T09:37:25 IST" time="128.089" errors="0">
  <testcase name="goToContactTest" time="128.089" classname="com.hubspot.tests.HomePageTest"/>
</testsuite> <!-- com.hubspot.tests.HomePageTest -->
