<?xml version="1.0" encoding="UTF-8"?>
<!-- Generated by org.testng.reporters.JUnitReportReporter -->
<testsuite skipped="0" hostname="PC1" name="com.hubspot.tests.ContactPageTest" tests="2" failures="0" timestamp="2020-06-11T09:37:25 IST" time="136.604" errors="0">
  <testcase name="testcreateContacts" time="85.265" classname="com.hubspot.tests.ContactPageTest"/>
  <testcase name="testcreateContacts" time="51.339" classname="com.hubspot.tests.ContactPageTest"/>
</testsuite> <!-- com.hubspot.tests.ContactPageTest -->
